<?xml version="1.0" encoding="UTF-8"?>
<testsuite name="Manipulacion de usuario" tests="2" skipped="0" failures="0" errors="0" timestamp="2022-03-25T22:12:55" hostname="DESKTOP-LIG7IFI" time="9.393">
  <properties/>
  <testcase name="Actualizacion de datos" classname="Manipulacion de usuario" time="8.247"/>
  <testcase name="Borrado de datos" classname="Manipulacion de usuario" time="1.146"/>
  <system-out><![CDATA[2022-03-25 17:12:57 INFO  userInfoReqResTestStepDefinition:50 {
  "name": "Donnie",
  "job": "Administration"
}

{
    "name": "Donnie",
    "job": "Administration",
    "updatedAt": "2022-03-25T22:13:02.255Z"
}
2022-03-25 17:13:04 INFO  userInfoReqResTestStepDefinition:85 UPDATE USER DONE SUCCESSFULLY

2022-03-25 17:13:05 INFO  userInfoReqResTestStepDefinition:120 DELETE USER DONE SUCCESSFULLY
]]></system-out>
  <system-err><![CDATA[1578 [Test worker] INFO io.cucumber.core.plugin.SerenityReporter - Running feature from file:///C:/sofka/intellij/SerenityBDD/RestAPI/RestServicesTest/src/test/resources/features/ReqRes/userInfoReqRes.feature
1578 [Test worker] WARN io.cucumber.core.plugin.SerenityReporter - Feature from file:///C:/sofka/intellij/SerenityBDD/RestAPI/RestServicesTest/src/test/resources/features/ReqRes/userInfoReqRes.feature is not under the 'features' directory. Requirements report will not be correctly generated!
1742 [Test worker] INFO  - 
 _____ _____ ____ _____   ____ _____  _    ____ _____ _____ ____  
|_   _| ____/ ___|_   _| / ___|_   _|/ \  |  _ \_   _| ____|  _ \ 
  | | |  _| \___ \ | |   \___ \ | | / _ \ | |_) || | |  _| | | | |
  | | | |___ ___) || |    ___) || |/ ___ \|  _ < | | | |___| |_| |
  |_| |_____|____/ |_|   |____/ |_/_/   \_\_| \_\|_| |_____|____/ 

Actualizacion de datos(manipulacion-de-usuario;actualizacion-de-datos)
-------------------------------------------------------------------
9636 [Test worker] INFO  - 
        __    _____ _____ ____ _____   ____   _    ____  ____  _____ ____  
  _     \ \  |_   _| ____/ ___|_   _| |  _ \ / \  / ___|/ ___|| ____|  _ \ 
 (_)_____| |   | | |  _| \___ \ | |   | |_) / _ \ \___ \\___ \|  _| | | | |
  _|_____| |   | | | |___ ___) || |   |  __/ ___ \ ___) |___) | |___| |_| |
 (_)     | |   |_| |_____|____/ |_|   |_| /_/   \_\____/|____/|_____|____/ 
        /_/                                                                

Actualizacion de datos
----------------------------------------------------------------------------
9649 [Test worker] INFO io.cucumber.core.plugin.SerenityReporter - Running feature from file:///C:/sofka/intellij/SerenityBDD/RestAPI/RestServicesTest/src/test/resources/features/ReqRes/userInfoReqRes.feature
9649 [Test worker] WARN io.cucumber.core.plugin.SerenityReporter - Feature from file:///C:/sofka/intellij/SerenityBDD/RestAPI/RestServicesTest/src/test/resources/features/ReqRes/userInfoReqRes.feature is not under the 'features' directory. Requirements report will not be correctly generated!
9657 [Test worker] INFO  - 
 _____ _____ ____ _____   ____ _____  _    ____ _____ _____ ____  
|_   _| ____/ ___|_   _| / ___|_   _|/ \  |  _ \_   _| ____|  _ \ 
  | | |  _| \___ \ | |   \___ \ | | / _ \ | |_) || | |  _| | | | |
  | | | |___ ___) || |    ___) || |/ ___ \|  _ < | | | |___| |_| |
  |_| |_____|____/ |_|   |____/ |_/_/   \_\_| \_\|_| |_____|____/ 

Borrado de datos(manipulacion-de-usuario;borrado-de-datos)
-------------------------------------------------------------------
10786 [Test worker] INFO  - 
        __    _____ _____ ____ _____   ____   _    ____  ____  _____ ____  
  _     \ \  |_   _| ____/ ___|_   _| |  _ \ / \  / ___|/ ___|| ____|  _ \ 
 (_)_____| |   | | |  _| \___ \ | |   | |_) / _ \ \___ \\___ \|  _| | | | |
  _|_____| |   | | | |___ ___) || |   |  __/ ___ \ ___) |___) | |___| |_| |
 (_)     | |   |_| |_____|____/ |_|   |_| /_/   \_\____/|____/|_____|____/ 
        /_/                                                                

Borrado de datos
----------------------------------------------------------------------------
]]></system-err>
</testsuite>
